<?xml version="1.0" encoding="UTF-8"?>
<!-- Generated by org.testng.reporters.JUnitXMLReporter -->
<testsuite ignored="0" hostname="DESKTOP-Q59R3VD" failures="0" tests="3" name="Test" time="1.352" errors="0" timestamp="2023-03-19T15:01:12 EDT">
  <testcase classname="pages.Controler" name="@BeforeTest setup" time="0.763">
    <failure type="org.openqa.selenium.SessionNotCreatedException" message="Could not start a new session. Possible causes are invalid address of the remote server or browser start-up failure. 
Host info: host: &amp;apos;DESKTOP-Q59R3VD&amp;apos;, ip: &amp;apos;192.168.12.144&amp;apos;
Build info: version: &amp;apos;4.8.1&amp;apos;, revision: &amp;apos;8ebccac989&amp;apos;
System info: os.name: &amp;apos;Windows 10&amp;apos;, os.arch: &amp;apos;amd64&amp;apos;, os.version: &amp;apos;10.0&amp;apos;, java.version: &amp;apos;18.0.2.1&amp;apos;
Driver info: org.openqa.selenium.chrome.ChromeDriver
Command: [null, newSession {capabilities=[Capabilities {browserName: chrome, goog:chromeOptions: {args: [], extensions: []}}], desiredCapabilities=Capabilities {browserName: chrome, goog:chromeOptions: {args: [], extensions: []}}}]">
      <![CDATA[org.openqa.selenium.SessionNotCreatedException: Could not start a new session. Possible causes are invalid address of the remote server or browser start-up failure. 
Host info: host: 'DESKTOP-Q59R3VD', ip: '192.168.12.144'
Build info: version: '4.8.1', revision: '8ebccac989'
System info: os.name: 'Windows 10', os.arch: 'amd64', os.version: '10.0', java.version: '18.0.2.1'
Driver info: org.openqa.selenium.chrome.ChromeDriver
Command: [null, newSession {capabilities=[Capabilities {browserName: chrome, goog:chromeOptions: {args: [], extensions: []}}], desiredCapabilities=Capabilities {browserName: chrome, goog:chromeOptions: {args: [], extensions: []}}}]
at org.openqa.selenium.remote.RemoteWebDriver.execute(RemoteWebDriver.java:561)
at org.openqa.selenium.remote.RemoteWebDriver.startSession(RemoteWebDriver.java:229)
at org.openqa.selenium.remote.RemoteWebDriver.<init>(RemoteWebDriver.java:157)
at org.openqa.selenium.chromium.ChromiumDriver.<init>(ChromiumDriver.java:101)
at org.openqa.selenium.chrome.ChromeDriver.<init>(ChromeDriver.java:82)
at org.openqa.selenium.chrome.ChromeDriver.<init>(ChromeDriver.java:50)
at pages.Controler.setup(Controler.java:79)
Caused by: java.lang.NoClassDefFoundError: io/netty/handler/codec/DefaultHeaders$ValueValidator
at org.asynchttpclient.RequestBuilderBase.<init>(RequestBuilderBase.java:98)
at org.asynchttpclient.RequestBuilderBase.<init>(RequestBuilderBase.java:92)
at org.asynchttpclient.RequestBuilder.<init>(RequestBuilder.java:35)
at org.asynchttpclient.RequestBuilder.<init>(RequestBuilder.java:31)
at org.asynchttpclient.Dsl.request(Dsl.java:73)
at org.openqa.selenium.remote.http.netty.NettyMessages.toNettyRequest(NettyMessages.java:58)
at org.openqa.selenium.remote.http.netty.NettyHttpHandler.makeCall(NettyHttpHandler.java:56)
at org.openqa.selenium.remote.http.AddSeleniumUserAgent.lambda$apply$0(AddSeleniumUserAgent.java:42)
at org.openqa.selenium.remote.http.Filter.lambda$andFinally$1(Filter.java:56)
at org.openqa.selenium.remote.http.netty.NettyHttpHandler.execute(NettyHttpHandler.java:49)
at org.openqa.selenium.remote.http.AddSeleniumUserAgent.lambda$apply$0(AddSeleniumUserAgent.java:42)
at org.openqa.selenium.remote.http.Filter.lambda$andFinally$1(Filter.java:56)
at org.openqa.selenium.remote.http.netty.NettyClient.execute(NettyClient.java:99)
at org.openqa.selenium.remote.ProtocolHandshake.createSession(ProtocolHandshake.java:124)
at org.openqa.selenium.remote.ProtocolHandshake.createSession(ProtocolHandshake.java:106)
at org.openqa.selenium.remote.ProtocolHandshake.createSession(ProtocolHandshake.java:67)
at org.openqa.selenium.remote.HttpCommandExecutor.execute(HttpCommandExecutor.java:156)
at org.openqa.selenium.remote.service.DriverCommandExecutor.invokeExecute(DriverCommandExecutor.java:167)
at org.openqa.selenium.remote.service.DriverCommandExecutor.execute(DriverCommandExecutor.java:142)
at org.openqa.selenium.remote.RemoteWebDriver.execute(RemoteWebDriver.java:543)
... 28 more
Caused by: java.lang.ClassNotFoundException: io.netty.handler.codec.DefaultHeaders$ValueValidator
at java.base/jdk.internal.loader.BuiltinClassLoader.loadClass(BuiltinClassLoader.java:641)
at java.base/jdk.internal.loader.ClassLoaders$AppClassLoader.loadClass(ClassLoaders.java:188)
at java.base/java.lang.ClassLoader.loadClass(ClassLoader.java:521)
... 48 more
... Removed 22 stack frames]]>
    </failure>
  </testcase> <!-- @BeforeTest setup -->
  <testcase classname="pages.Controler" name="@BeforeClass Synchronize" time="-1.679252471432E9">
    <skipped/>
  </testcase> <!-- @BeforeClass Synchronize -->
  <testcase classname="pages.Controler" name="@BeforeMethod BrowserConfig" time="-1.679252471972E9">
    <skipped/>
  </testcase> <!-- @BeforeMethod BrowserConfig -->
  <testcase classname="pages.Controler" name="@AfterMethod validations" time="-1.67925247198E9">
    <skipped/>
  </testcase> <!-- @AfterMethod validations -->
  <testcase classname="pages.Controler" name="@BeforeMethod BrowserConfig" time="-1.679252471981E9">
    <skipped/>
  </testcase> <!-- @BeforeMethod BrowserConfig -->
  <testcase classname="pages.Controler" name="@AfterMethod validations" time="-1.679252471986E9">
    <skipped/>
  </testcase> <!-- @AfterMethod validations -->
  <testcase classname="pages.Controler" name="@BeforeMethod BrowserConfig" time="-1.679252471987E9">
    <skipped/>
  </testcase> <!-- @BeforeMethod BrowserConfig -->
  <testcase classname="pages.Controler" name="@AfterMethod validations" time="-1.679252471993E9">
    <skipped/>
  </testcase> <!-- @AfterMethod validations -->
  <testcase classname="pages.Controler" name="@AfterTest BrowserClosing" time="-1.679252471997E9">
    <skipped/>
  </testcase> <!-- @AfterTest BrowserClosing -->
  <testcase classname="test.OpenSignUp" name="testSignUp" time="0.0">
    <skipped/>
  </testcase> <!-- testSignUp -->
  <testcase classname="test.OpenSignUp" name="testSignUp" time="0.0">
    <skipped/>
  </testcase> <!-- testSignUp -->
  <testcase classname="test.OpenSignUp" name="testSignUp" time="0.0">
    <skipped/>
  </testcase> <!-- testSignUp -->
</testsuite> <!-- Test -->
